{
  "stats": {
    "suites": 1,
    "tests": 1,
    "passes": 1,
    "pending": 0,
    "failures": 0,
    "start": "2018-12-17T16:43:16.430Z",
    "end": "2018-12-17T16:43:16.444Z",
    "duration": 14,
    "testsRegistered": 1,
    "passPercent": 100,
    "pendingPercent": 0,
    "other": 0,
    "hasOther": false,
    "skipped": 0,
    "hasSkipped": false,
    "passPercentClass": "success",
    "pendingPercentClass": "danger"
  },
  "suites": {
    "uuid": "754cea15-ff1e-42f3-9155-169e51e14daa",
    "title": "",
    "fullFile": "",
    "file": "",
    "beforeHooks": [],
    "afterHooks": [],
    "tests": [],
    "suites": [
      {
        "uuid": "2286b690-3459-467e-8ae3-4e4bf0c01620",
        "title": "Check for truth",
        "fullFile": "/Users/vedikasoni/Documents/webpack_starter/test/specs/testFile.specs.js",
        "file": "/test/specs/testFile.specs.js",
        "beforeHooks": [],
        "afterHooks": [],
        "tests": [
          {
            "title": "check if sum of 2 and 3 is 5",
            "fullTitle": "Check for truth check if sum of 2 and 3 is 5",
            "timedOut": false,
            "duration": 2,
            "state": "passed",
            "speed": "fast",
            "pass": true,
            "fail": false,
            "pending": false,
            "code": "_chai.assert.equal(5,5,\"sum should be equal to 5\")",
            "err": {},
            "isRoot": false,
            "uuid": "37905b56-bbaa-4ae3-897d-9eb596713f9c",
            "isHook": false,
            "skipped": false
          }
        ],
        "suites": [],
        "passes": [
          "37905b56-bbaa-4ae3-897d-9eb596713f9c"
        ],
        "failures": [],
        "pending": [],
        "skipped": [],
        "duration": 2,
        "root": false,
        "rootEmpty": false,
        "_timeout": 2000
      }
    ],
    "passes": [],
    "failures": [],
    "pending": [],
    "skipped": [],
    "duration": 0,
    "root": true,
    "rootEmpty": true,
    "_timeout": 2000
  },
  "copyrightYear": 2018
}